<?xml version="1.0" encoding="UTF-8"?>
<testsuite name="es.toni.OptionalExamples.Example7" tests="1" skipped="0" failures="0" errors="0" timestamp="2020-06-11T18:42:48" hostname="DESKTOP-TONI" time="0.0">
  <properties/>
  <testcase name="givenOptional_whenFlatMapWorks_thenCorrect2" classname="es.toni.OptionalExamples.Example7" time="0.0"/>
  <system-out><![CDATA[]]></system-out>
  <system-err><![CDATA[]]></system-err>
</testsuite>
