<?xml version="1.0" encoding="UTF-8"?>
<testsuite name="es.toni.OptionalExamples.Example1" tests="5" skipped="0" failures="0" errors="0" timestamp="2020-06-11T17:40:14" hostname="DESKTOP-TONI" time="0.002">
  <properties/>
  <testcase name="givenNonNull_whenCreatesNonNullable_thenCorrect" classname="es.toni.OptionalExamples.Example1" time="0.001"/>
  <testcase name="givenNull_whenThrowsErrorOnCreate_thenCorrect" classname="es.toni.OptionalExamples.Example1" time="0.0"/>
  <testcase name="givenNonNull_whenCreatesNullable_thenCorrect" classname="es.toni.OptionalExamples.Example1" time="0.001"/>
  <testcase name="whenCreatesEmptyOptional_thenCorrect" classname="es.toni.OptionalExamples.Example1" time="0.0"/>
  <testcase name="givenNull_whenCreatesNullable_thenCorrect" classname="es.toni.OptionalExamples.Example1" time="0.0"/>
  <system-out><![CDATA[]]></system-out>
  <system-err><![CDATA[]]></system-err>
</testsuite>
