<?xml version="1.0" encoding="UTF-8"?>
<testsuite name="es.toni.OptionalExamples.Example8" tests="4" skipped="0" failures="0" errors="0" timestamp="2020-06-11T18:21:08" hostname="DESKTOP-TONI" time="0.005">
  <properties/>
  <testcase name="givenTwoEmptyOptionals_whenChaining_thenDefaultIsReturned" classname="es.toni.OptionalExamples.Example8" time="0.002"/>
  <testcase name="givenThreeOptionals_whenChaining_thenFirstNonEmptyIsReturnedAndRestNotEvaluated" classname="es.toni.OptionalExamples.Example8" time="0.001"/>
  <testcase name="givenTwoOptionalsReturnedByOneArgMethod_whenChaining_thenFirstNonEmptyIsReturned" classname="es.toni.OptionalExamples.Example8" time="0.001"/>
  <testcase name="givenThreeOptionals_whenChaining_thenFirstNonEmptyIsReturned" classname="es.toni.OptionalExamples.Example8" time="0.001"/>
  <system-out><![CDATA[]]></system-out>
  <system-err><![CDATA[]]></system-err>
</testsuite>
