<?xml version="1.0" encoding="UTF-8"?>
<testsuite name="es.toni.OptionalExamples.Example3" tests="4" skipped="0" failures="0" errors="0" timestamp="2020-06-11T17:22:02" hostname="DESKTOP-TONI" time="0.002">
  <properties/>
  <testcase name="whenOrElseWorks_thenCorrect" classname="es.toni.OptionalExamples.Example3" time="0.0"/>
  <testcase name="whenOrElseGetAndOrElseOverlap_thenCorrect" classname="es.toni.OptionalExamples.Example3" time="0.001"/>
  <testcase name="whenOrElseGetWorks_thenCorrect" classname="es.toni.OptionalExamples.Example3" time="0.0"/>
  <testcase name="whenOrElseGetAndOrElseDiffer_thenCorrect" classname="es.toni.OptionalExamples.Example3" time="0.001"/>
  <system-out><![CDATA[Getting Default Value
Getting Default Value
Using orElseGet:
Using orElse:
Getting Default Value
]]></system-out>
  <system-err><![CDATA[]]></system-err>
</testsuite>
