<?xml version="1.0" encoding="UTF-8"?>
<testsuite name="es.toni.OptionalExamples.Example2" tests="3" skipped="0" failures="0" errors="0" timestamp="2020-06-12T12:51:41" hostname="DESKTOP-TONI" time="0.003">
  <properties/>
  <testcase name="givenAnEmptyOptional_thenIsEmptyBehavesAsExpected" classname="es.toni.OptionalExamples.Example2" time="0.0"/>
  <testcase name="givenOptional_whenIsPresentWorks_thenCorrect" classname="es.toni.OptionalExamples.Example2" time="0.0"/>
  <testcase name="givenOptional_whenIfPresentWorks_thenCorrect" classname="es.toni.OptionalExamples.Example2" time="0.003"/>
  <system-out><![CDATA[4
]]></system-out>
  <system-err><![CDATA[]]></system-err>
</testsuite>
